<?xml version="1.0" encoding="UTF-8"?>
<!-- Generated by org.testng.reporters.JUnitReportReporter -->
<testsuite skipped="0" hostname="DESKTOP-CQNAHNN" name="Appium.Framework.TestCalander" tests="3" failures="0" timestamp="26 Jan 2021 02:37:04 GMT" time="68.128" errors="0">
  <testcase name="navigateToDateWidget" time="4.998" classname="Appium.Framework.TestCalander"/>
  <testcase name="DatePicker1" time="3.307" classname="Appium.Framework.TestCalander"/>
  <testcase name="testChangeDate" time="59.823" classname="Appium.Framework.TestCalander"/>
</testsuite> <!-- Appium.Framework.TestCalander -->
